---Starting the Selenium Test Suite---
---FileReader Works Perfectly---
---Browser Mximizing Perfectly---
---BaseClass work and Close perfectly---
@@@ TC001_JobSearchTest Started Running @@@
---Passing Parameters Email ID, Password---
---Passing Parameters Designation, Location---
---Starting the Selenium Test Suite---
---FileReader Works Perfectly---
---Browser Mximizing Perfectly---
---BaseClass work and Close perfectly---
@@@ TC001_JobSearchTest Started Running @@@
---Passing Parameters Email ID, Password---
---Passing Parameters Designation, Location---
---TC001_JobSearchTest Failed---
@@@ TC001_JobSearchTest Started Running @@@
---Passing Parameters Email ID, Password---
---TC001_JobSearchTest Failed---
---Windows Close Perfectly---
---Next Browser Opning---
---Starting the Selenium Test Suite---
---FileReader Works Perfectly---
---Starting the Selenium Test Suite---
---FileReader Works Perfectly---
---Browser Mximizing Perfectly---
---BaseClass work and Close perfectly---
@@@ TC001_JobSearchTest Started Running @@@
---Passing Parameters Email ID, Password---
---Passing Parameters Designation, Location---
---TC001_JobSearchTest Failed---
---Starting the Selenium Test Suite---
---FileReader Works Perfectly---
---Browser Mximizing Perfectly---
---BaseClass work and Close perfectly---
@@@ TC001_JobSearchTest Started Running @@@
---Passing Parameters Email ID, Password---
---Passing Parameters Designation, Location---
@@@ TC001_JobSearchTest Started Running @@@
---Passing Parameters Email ID, Password---
---TC001_JobSearchTest Failed---
---Windows Close Perfectly---
---Next Browser Opning---
